# JRE version: OpenJDK Runtime Environment Temurin-21.0.10+7 (21.0.10+7) (build 21.0.10+7-LTS)
# Java VM: OpenJDK 64-Bit Server VM Temurin-21.0.10+7 (21.0.10+7-LTS, mixed mode, sharing, tiered, compressed oops, compressed class ptrs, g1 gc, windows-amd64)
GC Precious Log:
 CardTable entry size: 512
 Card Set container configuration: InlinePtr #cards 5 size 8 Array Of Cards #cards 12 size 40 Howl #buckets 4 coarsen threshold 1843 Howl Bitmap #cards 512 size 80 coarsen threshold 460 Card regions per heap region 1 cards per card region 2048
 CPUs: 12 total, 12 available
 Memory: 16085M
 Large Page Support: Disabled
 NUMA Support: Disabled
 Compressed Oops: Enabled (32-bit)
 Heap Region Size: 1M
 Heap Min Capacity: 8M
 Heap Initial Capacity: 252M
 Heap Max Capacity: 2G
 Pre-touch: Disabled
 Parallel Workers: 10
 Concurrent Workers: 3
 Concurrent Refinement Workers: 10
 Periodic GC: Disabled
Heap:
 garbage-first heap   total 153600K, used 125687K [0x0000000080000000, 0x0000000100000000)
  region size 1024K, 38 young (38912K), 2 survivors (2048K)
 Metaspace       used 78459K, committed 80448K, reserved 1179648K
  class space    used 11247K, committed 12224K, reserved 1048576K
GC Heap History (20 events):
Event: 8.376 GC heap before
{Heap before GC invocations=12 (full 0):
 garbage-first heap   total 98304K, used 85577K [0x0000000080000000, 0x0000000100000000)
  region size 1024K, 49 young (50176K), 7 survivors (7168K)
 Metaspace       used 54812K, committed 56704K, reserved 1114112K
  class space    used 7979K, committed 8896K, reserved 1048576K
}
Event: 8.380 GC heap after
{Heap after GC invocations=13 (full 0):
 garbage-first heap   total 98304K, used 45994K [0x0000000080000000, 0x0000000100000000)
  region size 1024K, 2 young (2048K), 2 survivors (2048K)
 Metaspace       used 54812K, committed 56704K, reserved 1114112K
  class space    used 7979K, committed 8896K, reserved 1048576K
}
Event: 9.046 GC heap before
{Heap before GC invocations=13 (full 0):
 garbage-first heap   total 98304K, used 87978K [0x0000000080000000, 0x0000000100000000)
  region size 1024K, 44 young (45056K), 2 survivors (2048K)
 Metaspace       used 58187K, committed 59968K, reserved 1114112K
  class space    used 8712K, committed 9600K, reserved 1048576K
}
Event: 9.048 GC heap after
{Heap after GC invocations=14 (full 0):
 garbage-first heap   total 98304K, used 47124K [0x0000000080000000, 0x0000000100000000)
  region size 1024K, 4 young (4096K), 4 survivors (4096K)
 Metaspace       used 58187K, committed 59968K, reserved 1114112K
  class space    used 8712K, committed 9600K, reserved 1048576K
}
Event: 9.093 GC heap before
{Heap before GC invocations=14 (full 0):
 garbage-first heap   total 98304K, used 48148K [0x0000000080000000, 0x0000000100000000)
  region size 1024K, 6 young (6144K), 4 survivors (4096K)
 Metaspace       used 58671K, committed 60480K, reserved 1114112K
  class space    used 8925K, committed 9856K, reserved 1048576K
}
Event: 9.095 GC heap after
{Heap after GC invocations=15 (full 0):
 garbage-first heap   total 98304K, used 47177K [0x0000000080000000, 0x0000000100000000)
  region size 1024K, 4 young (4096K), 4 survivors (4096K)
 Metaspace       used 58671K, committed 60480K, reserved 1114112K
  class space    used 8925K, committed 9856K, reserved 1048576K
}
Event: 9.779 GC heap before
{Heap before GC invocations=16 (full 0):
 garbage-first heap   total 98304K, used 89161K [0x0000000080000000, 0x0000000100000000)
  region size 1024K, 46 young (47104K), 4 survivors (4096K)
 Metaspace       used 64625K, committed 66496K, reserved 1114112K
  class space    used 9668K, committed 10560K, reserved 1048576K
}
Event: 9.781 GC heap after
{Heap after GC invocations=17 (full 0):
 garbage-first heap   total 98304K, used 48256K [0x0000000080000000, 0x0000000100000000)
  region size 1024K, 5 young (5120K), 5 survivors (5120K)
 Metaspace       used 64625K, committed 66496K, reserved 1114112K
  class space    used 9668K, committed 10560K, reserved 1048576K
}
Event: 10.247 GC heap before
{Heap before GC invocations=17 (full 0):
 garbage-first heap   total 98304K, used 91264K [0x0000000080000000, 0x0000000100000000)
  region size 1024K, 47 young (48128K), 5 survivors (5120K)
 Metaspace       used 70312K, committed 72256K, reserved 1114112K
  class space    used 10379K, committed 11328K, reserved 1048576K
}
Event: 10.251 GC heap after
{Heap after GC invocations=18 (full 0):
 garbage-first heap   total 98304K, used 48971K [0x0000000080000000, 0x0000000100000000)
  region size 1024K, 4 young (4096K), 4 survivors (4096K)
 Metaspace       used 70312K, committed 72256K, reserved 1114112K
  class space    used 10379K, committed 11328K, reserved 1048576K
}
Event: 10.456 GC heap before
{Heap before GC invocations=18 (full 0):
 garbage-first heap   total 98304K, used 91979K [0x0000000080000000, 0x0000000100000000)
  region size 1024K, 46 young (47104K), 4 survivors (4096K)
 Metaspace       used 70825K, committed 72768K, reserved 1114112K
  class space    used 10427K, committed 11392K, reserved 1048576K
}
Event: 10.463 GC heap after
{Heap after GC invocations=19 (full 0):
 garbage-first heap   total 112640K, used 64726K [0x0000000080000000, 0x0000000100000000)
  region size 1024K, 6 young (6144K), 6 survivors (6144K)
 Metaspace       used 70825K, committed 72768K, reserved 1114112K
  class space    used 10427K, committed 11392K, reserved 1048576K
}
Event: 10.633 GC heap before
{Heap before GC invocations=20 (full 0):
 garbage-first heap   total 112640K, used 95446K [0x0000000080000000, 0x0000000100000000)
  region size 1024K, 36 young (36864K), 6 survivors (6144K)
 Metaspace       used 70827K, committed 72768K, reserved 1114112K
  class space    used 10427K, committed 11392K, reserved 1048576K
}
Event: 10.639 GC heap after
{Heap after GC invocations=21 (full 0):
 garbage-first heap   total 116736K, used 79654K [0x0000000080000000, 0x0000000100000000)
  region size 1024K, 5 young (5120K), 5 survivors (5120K)
 Metaspace       used 70827K, committed 72768K, reserved 1114112K
  class space    used 10427K, committed 11392K, reserved 1048576K
}
Event: 10.819 GC heap before
{Heap before GC invocations=21 (full 0):
 garbage-first heap   total 116736K, used 102182K [0x0000000080000000, 0x0000000100000000)
  region size 1024K, 26 young (26624K), 5 survivors (5120K)
 Metaspace       used 71157K, committed 73152K, reserved 1114112K
  class space    used 10471K, committed 11456K, reserved 1048576K
}
Event: 10.824 GC heap after
{Heap after GC invocations=22 (full 0):
 garbage-first heap   total 116736K, used 88064K [0x0000000080000000, 0x0000000100000000)
  region size 1024K, 4 young (4096K), 4 survivors (4096K)
 Metaspace       used 71157K, committed 73152K, reserved 1114112K
  class space    used 10471K, committed 11456K, reserved 1048576K
}
Event: 11.043 GC heap before
{Heap before GC invocations=22 (full 0):
 garbage-first heap   total 116736K, used 103424K [0x0000000080000000, 0x0000000100000000)
  region size 1024K, 19 young (19456K), 4 survivors (4096K)
 Metaspace       used 73325K, committed 75264K, reserved 1114112K
  class space    used 10698K, committed 11648K, reserved 1048576K
}
Event: 11.045 GC heap after
{Heap after GC invocations=23 (full 0):
 garbage-first heap   total 116736K, used 90393K [0x0000000080000000, 0x0000000100000000)
  region size 1024K, 2 young (2048K), 2 survivors (2048K)
 Metaspace       used 73325K, committed 75264K, reserved 1114112K
  class space    used 10698K, committed 11648K, reserved 1048576K
}
Event: 11.224 GC heap before
{Heap before GC invocations=24 (full 0):
 garbage-first heap   total 153600K, used 103705K [0x0000000080000000, 0x0000000100000000)
  region size 1024K, 16 young (16384K), 2 survivors (2048K)
 Metaspace       used 74989K, committed 76992K, reserved 1114112K
  class space    used 10862K, committed 11840K, reserved 1048576K
}
Event: 11.225 GC heap after
{Heap after GC invocations=25 (full 0):
 garbage-first heap   total 153600K, used 90871K [0x0000000080000000, 0x0000000100000000)
  region size 1024K, 2 young (2048K), 2 survivors (2048K)
 Metaspace       used 74989K, committed 76992K, reserved 1114112K
  class space    used 10862K, committed 11840K, reserved 1048576K
}

