# JRE version: OpenJDK Runtime Environment Temurin-21.0.10+7 (21.0.10+7) (build 21.0.10+7-LTS)
# Java VM: OpenJDK 64-Bit Server VM Temurin-21.0.10+7 (21.0.10+7-LTS, mixed mode, sharing, tiered, compressed oops, compressed class ptrs, g1 gc, windows-amd64)
GC Precious Log:
 CardTable entry size: 512
 Card Set container configuration: InlinePtr #cards 5 size 8 Array Of Cards #cards 12 size 40 Howl #buckets 4 coarsen threshold 1843 Howl Bitmap #cards 512 size 80 coarsen threshold 460 Card regions per heap region 1 cards per card region 2048
 CPUs: 12 total, 12 available
 Memory: 16085M
 Large Page Support: Disabled
 NUMA Support: Disabled
 Compressed Oops: Enabled (32-bit)
 Heap Region Size: 1M
 Heap Min Capacity: 8M
 Heap Initial Capacity: 252M
 Heap Max Capacity: 2G
 Pre-touch: Disabled
 Parallel Workers: 10
 Concurrent Workers: 3
 Concurrent Refinement Workers: 10
 Periodic GC: Disabled
Heap:
 garbage-first heap   total 173056K, used 124688K [0x0000000080000000, 0x0000000100000000)
  region size 1024K, 12 young (12288K), 7 survivors (7168K)
 Metaspace       used 73739K, committed 75648K, reserved 1114112K
  class space    used 10798K, committed 11712K, reserved 1048576K
GC Heap History (20 events):
Event: 7.733 GC heap before
{Heap before GC invocations=14 (full 0):
 garbage-first heap   total 99328K, used 84191K [0x0000000080000000, 0x0000000100000000)
  region size 1024K, 34 young (34816K), 6 survivors (6144K)
 Metaspace       used 55127K, committed 57024K, reserved 1114112K
  class space    used 8078K, committed 9024K, reserved 1048576K
}
Event: 7.743 GC heap after
{Heap after GC invocations=15 (full 0):
 garbage-first heap   total 121856K, used 66560K [0x0000000080000000, 0x0000000100000000)
  region size 1024K, 5 young (5120K), 5 survivors (5120K)
 Metaspace       used 55127K, committed 57024K, reserved 1114112K
  class space    used 8078K, committed 9024K, reserved 1048576K
}
Event: 7.944 GC heap before
{Heap before GC invocations=16 (full 0):
 garbage-first heap   total 121856K, used 98304K [0x0000000080000000, 0x0000000100000000)
  region size 1024K, 37 young (37888K), 5 survivors (5120K)
 Metaspace       used 55158K, committed 57024K, reserved 1114112K
  class space    used 8093K, committed 9024K, reserved 1048576K
}
Event: 7.952 GC heap after
{Heap after GC invocations=17 (full 0):
 garbage-first heap   total 121856K, used 75262K [0x0000000080000000, 0x0000000100000000)
  region size 1024K, 5 young (5120K), 5 survivors (5120K)
 Metaspace       used 55158K, committed 57024K, reserved 1114112K
  class space    used 8093K, committed 9024K, reserved 1048576K
}
Event: 8.174 GC heap before
{Heap before GC invocations=17 (full 0):
 garbage-first heap   total 121856K, used 100862K [0x0000000080000000, 0x0000000100000000)
  region size 1024K, 31 young (31744K), 5 survivors (5120K)
 Metaspace       used 55268K, committed 57152K, reserved 1114112K
  class space    used 8095K, committed 9024K, reserved 1048576K
}
Event: 8.180 GC heap after
{Heap after GC invocations=18 (full 0):
 garbage-first heap   total 121856K, used 78806K [0x0000000080000000, 0x0000000100000000)
  region size 1024K, 4 young (4096K), 4 survivors (4096K)
 Metaspace       used 55268K, committed 57152K, reserved 1114112K
  class space    used 8095K, committed 9024K, reserved 1048576K
}
Event: 8.382 GC heap before
{Heap before GC invocations=18 (full 0):
 garbage-first heap   total 121856K, used 104406K [0x0000000080000000, 0x0000000100000000)
  region size 1024K, 29 young (29696K), 4 survivors (4096K)
 Metaspace       used 55352K, committed 57216K, reserved 1114112K
  class space    used 8095K, committed 9024K, reserved 1048576K
}
Event: 8.386 GC heap after
{Heap after GC invocations=19 (full 0):
 garbage-first heap   total 121856K, used 81557K [0x0000000080000000, 0x0000000100000000)
  region size 1024K, 3 young (3072K), 3 survivors (3072K)
 Metaspace       used 55352K, committed 57216K, reserved 1114112K
  class space    used 8095K, committed 9024K, reserved 1048576K
}
Event: 8.591 GC heap before
{Heap before GC invocations=20 (full 0):
 garbage-first heap   total 138240K, used 106133K [0x0000000080000000, 0x0000000100000000)
  region size 1024K, 28 young (28672K), 3 survivors (3072K)
 Metaspace       used 55415K, committed 57280K, reserved 1114112K
  class space    used 8095K, committed 9024K, reserved 1048576K
}
Event: 8.594 GC heap after
{Heap after GC invocations=21 (full 0):
 garbage-first heap   total 138240K, used 83778K [0x0000000080000000, 0x0000000100000000)
  region size 1024K, 3 young (3072K), 3 survivors (3072K)
 Metaspace       used 55415K, committed 57280K, reserved 1114112K
  class space    used 8095K, committed 9024K, reserved 1048576K
}
Event: 8.920 GC heap before
{Heap before GC invocations=21 (full 0):
 garbage-first heap   total 138240K, used 118594K [0x0000000080000000, 0x0000000100000000)
  region size 1024K, 38 young (38912K), 3 survivors (3072K)
 Metaspace       used 55596K, committed 57408K, reserved 1114112K
  class space    used 8122K, committed 9024K, reserved 1048576K
}
Event: 8.924 GC heap after
{Heap after GC invocations=22 (full 0):
 garbage-first heap   total 138240K, used 81435K [0x0000000080000000, 0x0000000100000000)
  region size 1024K, 4 young (4096K), 4 survivors (4096K)
 Metaspace       used 55596K, committed 57408K, reserved 1114112K
  class space    used 8122K, committed 9024K, reserved 1048576K
}
Event: 9.829 GC heap before
{Heap before GC invocations=22 (full 0):
 garbage-first heap   total 138240K, used 120347K [0x0000000080000000, 0x0000000100000000)
  region size 1024K, 43 young (44032K), 4 survivors (4096K)
 Metaspace       used 61813K, committed 63680K, reserved 1114112K
  class space    used 9310K, committed 10240K, reserved 1048576K
}
Event: 9.832 GC heap after
{Heap after GC invocations=23 (full 0):
 garbage-first heap   total 171008K, used 82773K [0x0000000080000000, 0x0000000100000000)
  region size 1024K, 3 young (3072K), 3 survivors (3072K)
 Metaspace       used 61813K, committed 63680K, reserved 1114112K
  class space    used 9310K, committed 10240K, reserved 1048576K
}
Event: 10.903 GC heap before
{Heap before GC invocations=24 (full 0):
 garbage-first heap   total 171008K, used 144213K [0x0000000080000000, 0x0000000100000000)
  region size 1024K, 64 young (65536K), 3 survivors (3072K)
 Metaspace       used 70517K, committed 72448K, reserved 1114112K
  class space    used 10412K, committed 11328K, reserved 1048576K
}
Event: 10.905 GC heap after
{Heap after GC invocations=25 (full 0):
 garbage-first heap   total 171008K, used 84382K [0x0000000080000000, 0x0000000100000000)
  region size 1024K, 5 young (5120K), 5 survivors (5120K)
 Metaspace       used 70517K, committed 72448K, reserved 1114112K
  class space    used 10412K, committed 11328K, reserved 1048576K
}
Event: 11.367 GC heap before
{Heap before GC invocations=25 (full 0):
 garbage-first heap   total 171008K, used 148894K [0x0000000080000000, 0x0000000100000000)
  region size 1024K, 68 young (69632K), 5 survivors (5120K)
 Metaspace       used 73695K, committed 75584K, reserved 1114112K
  class space    used 10791K, committed 11712K, reserved 1048576K
}
Event: 11.375 GC heap after
{Heap after GC invocations=26 (full 0):
 garbage-first heap   total 173056K, used 98852K [0x0000000080000000, 0x0000000100000000)
  region size 1024K, 9 young (9216K), 9 survivors (9216K)
 Metaspace       used 73695K, committed 75584K, reserved 1114112K
  class space    used 10791K, committed 11712K, reserved 1048576K
}
Event: 11.543 GC heap before
{Heap before GC invocations=26 (full 0):
 garbage-first heap   total 173056K, used 138788K [0x0000000080000000, 0x0000000100000000)
  region size 1024K, 49 young (50176K), 9 survivors (9216K)
 Metaspace       used 73737K, committed 75648K, reserved 1114112K
  class space    used 10798K, committed 11712K, reserved 1048576K
}
Event: 11.552 GC heap after
{Heap after GC invocations=27 (full 0):
 garbage-first heap   total 173056K, used 119568K [0x0000000080000000, 0x0000000100000000)
  region size 1024K, 7 young (7168K), 7 survivors (7168K)
 Metaspace       used 73737K, committed 75648K, reserved 1114112K
  class space    used 10798K, committed 11712K, reserved 1048576K
}

