# JRE version: OpenJDK Runtime Environment Temurin-21.0.10+7 (21.0.10+7) (build 21.0.10+7-LTS)
# Java VM: OpenJDK 64-Bit Server VM Temurin-21.0.10+7 (21.0.10+7-LTS, mixed mode, sharing, tiered, compressed oops, compressed class ptrs, g1 gc, windows-amd64)
GC Precious Log:
 CardTable entry size: 512
 Card Set container configuration: InlinePtr #cards 5 size 8 Array Of Cards #cards 12 size 40 Howl #buckets 4 coarsen threshold 1843 Howl Bitmap #cards 512 size 80 coarsen threshold 460 Card regions per heap region 1 cards per card region 2048
 CPUs: 12 total, 12 available
 Memory: 16085M
 Large Page Support: Disabled
 NUMA Support: Disabled
 Compressed Oops: Enabled (32-bit)
 Heap Region Size: 1M
 Heap Min Capacity: 8M
 Heap Initial Capacity: 252M
 Heap Max Capacity: 2G
 Pre-touch: Disabled
 Parallel Workers: 10
 Concurrent Workers: 3
 Concurrent Refinement Workers: 10
 Periodic GC: Disabled
Heap:
 garbage-first heap   total 211968K, used 115919K [0x0000000080000000, 0x0000000100000000)
  region size 1024K, 7 young (7168K), 7 survivors (7168K)
 Metaspace       used 124623K, committed 126656K, reserved 1179648K
  class space    used 16362K, committed 17344K, reserved 1048576K
GC Heap History (20 events):
Event: 9.975 GC heap after
{Heap after GC invocations=27 (full 0):
 garbage-first heap   total 158720K, used 88232K [0x0000000080000000, 0x0000000100000000)
  region size 1024K, 5 young (5120K), 5 survivors (5120K)
 Metaspace       used 95674K, committed 97600K, reserved 1179648K
  class space    used 13166K, committed 14080K, reserved 1048576K
}
Event: 10.546 GC heap before
{Heap before GC invocations=27 (full 0):
 garbage-first heap   total 158720K, used 134312K [0x0000000080000000, 0x0000000100000000)
  region size 1024K, 51 young (52224K), 5 survivors (5120K)
 Metaspace       used 101511K, committed 103424K, reserved 1179648K
  class space    used 13729K, committed 14656K, reserved 1048576K
}
Event: 10.550 GC heap after
{Heap after GC invocations=28 (full 0):
 garbage-first heap   total 158720K, used 92172K [0x0000000080000000, 0x0000000100000000)
  region size 1024K, 4 young (4096K), 4 survivors (4096K)
 Metaspace       used 101511K, committed 103424K, reserved 1179648K
  class space    used 13729K, committed 14656K, reserved 1048576K
}
Event: 11.076 GC heap before
{Heap before GC invocations=28 (full 0):
 garbage-first heap   total 158720K, used 138252K [0x0000000080000000, 0x0000000100000000)
  region size 1024K, 49 young (50176K), 4 survivors (4096K)
 Metaspace       used 106698K, committed 108608K, reserved 1179648K
  class space    used 14322K, committed 15232K, reserved 1048576K
}
Event: 11.079 GC heap after
{Heap after GC invocations=29 (full 0):
 garbage-first heap   total 158720K, used 95064K [0x0000000080000000, 0x0000000100000000)
  region size 1024K, 3 young (3072K), 3 survivors (3072K)
 Metaspace       used 106698K, committed 108608K, reserved 1179648K
  class space    used 14322K, committed 15232K, reserved 1048576K
}
Event: 11.830 GC heap before
{Heap before GC invocations=30 (full 0):
 garbage-first heap   total 160768K, used 141144K [0x0000000080000000, 0x0000000100000000)
  region size 1024K, 48 young (49152K), 3 survivors (3072K)
 Metaspace       used 112796K, committed 114752K, reserved 1179648K
  class space    used 14991K, committed 15936K, reserved 1048576K
}
Event: 11.833 GC heap after
{Heap after GC invocations=31 (full 0):
 garbage-first heap   total 160768K, used 97541K [0x0000000080000000, 0x0000000100000000)
  region size 1024K, 6 young (6144K), 6 survivors (6144K)
 Metaspace       used 112796K, committed 114752K, reserved 1179648K
  class space    used 14991K, committed 15936K, reserved 1048576K
}
Event: 13.521 GC heap before
{Heap before GC invocations=31 (full 0):
 garbage-first heap   total 160768K, used 142597K [0x0000000080000000, 0x0000000100000000)
  region size 1024K, 51 young (52224K), 6 survivors (6144K)
 Metaspace       used 122258K, committed 124224K, reserved 1179648K
  class space    used 16184K, committed 17152K, reserved 1048576K
}
Event: 13.526 GC heap after
{Heap after GC invocations=32 (full 0):
 garbage-first heap   total 160768K, used 101407K [0x0000000080000000, 0x0000000100000000)
  region size 1024K, 7 young (7168K), 7 survivors (7168K)
 Metaspace       used 122258K, committed 124224K, reserved 1179648K
  class space    used 16184K, committed 17152K, reserved 1048576K
}
Event: 14.437 GC heap before
{Heap before GC invocations=32 (full 0):
 garbage-first heap   total 160768K, used 144415K [0x0000000080000000, 0x0000000100000000)
  region size 1024K, 50 young (51200K), 7 survivors (7168K)
 Metaspace       used 123500K, committed 125568K, reserved 1179648K
  class space    used 16269K, committed 17280K, reserved 1048576K
}
Event: 14.442 GC heap after
{Heap after GC invocations=33 (full 0):
 garbage-first heap   total 160768K, used 106266K [0x0000000080000000, 0x0000000100000000)
  region size 1024K, 5 young (5120K), 5 survivors (5120K)
 Metaspace       used 123500K, committed 125568K, reserved 1179648K
  class space    used 16269K, committed 17280K, reserved 1048576K
}
Event: 14.551 GC heap before
{Heap before GC invocations=34 (full 0):
 garbage-first heap   total 179200K, used 146202K [0x0000000080000000, 0x0000000100000000)
  region size 1024K, 44 young (45056K), 5 survivors (5120K)
 Metaspace       used 123544K, committed 125568K, reserved 1179648K
  class space    used 16275K, committed 17280K, reserved 1048576K
}
Event: 14.557 GC heap after
{Heap after GC invocations=35 (full 0):
 garbage-first heap   total 179200K, used 118364K [0x0000000080000000, 0x0000000100000000)
  region size 1024K, 6 young (6144K), 6 survivors (6144K)
 Metaspace       used 123544K, committed 125568K, reserved 1179648K
  class space    used 16275K, committed 17280K, reserved 1048576K
}
Event: 14.671 GC heap before
{Heap before GC invocations=35 (full 0):
 garbage-first heap   total 179200K, used 157276K [0x0000000080000000, 0x0000000100000000)
  region size 1024K, 45 young (46080K), 6 survivors (6144K)
 Metaspace       used 123584K, committed 125632K, reserved 1179648K
  class space    used 16282K, committed 17280K, reserved 1048576K
}
Event: 14.680 GC heap after
{Heap after GC invocations=36 (full 0):
 garbage-first heap   total 181248K, used 132686K [0x0000000080000000, 0x0000000100000000)
  region size 1024K, 6 young (6144K), 6 survivors (6144K)
 Metaspace       used 123584K, committed 125632K, reserved 1179648K
  class space    used 16282K, committed 17280K, reserved 1048576K
}
Event: 14.732 GC heap before
{Heap before GC invocations=36 (full 0):
 garbage-first heap   total 181248K, used 160334K [0x0000000080000000, 0x0000000100000000)
  region size 1024K, 34 young (34816K), 6 survivors (6144K)
 Metaspace       used 123610K, committed 125696K, reserved 1179648K
  class space    used 16282K, committed 17280K, reserved 1048576K
}
Event: 14.738 GC heap after
{Heap after GC invocations=37 (full 0):
 garbage-first heap   total 181248K, used 141750K [0x0000000080000000, 0x0000000100000000)
  region size 1024K, 5 young (5120K), 5 survivors (5120K)
 Metaspace       used 123610K, committed 125696K, reserved 1179648K
  class space    used 16282K, committed 17280K, reserved 1048576K
}
Event: 14.886 GC heap before
{Heap before GC invocations=38 (full 0):
 garbage-first heap   total 211968K, used 146870K [0x0000000080000000, 0x0000000100000000)
  region size 1024K, 26 young (26624K), 5 survivors (5120K)
 Metaspace       used 124102K, committed 126144K, reserved 1179648K
  class space    used 16323K, committed 17344K, reserved 1048576K
}
Event: 14.889 GC heap after
{Heap after GC invocations=39 (full 0):
 garbage-first heap   total 211968K, used 129189K [0x0000000080000000, 0x0000000100000000)
  region size 1024K, 2 young (2048K), 2 survivors (2048K)
 Metaspace       used 124102K, committed 126144K, reserved 1179648K
  class space    used 16323K, committed 17344K, reserved 1048576K
}
Event: 15.080 GC heap before
{Heap before GC invocations=39 (full 0):
 garbage-first heap   total 211968K, used 182437K [0x0000000080000000, 0x0000000100000000)
  region size 1024K, 55 young (56320K), 2 survivors (2048K)
 Metaspace       used 124623K, committed 126656K, reserved 1179648K
  class space    used 16362K, committed 17344K, reserved 1048576K
}

