# JRE version: OpenJDK Runtime Environment Temurin-21.0.10+7 (21.0.10+7) (build 21.0.10+7-LTS)
# Java VM: OpenJDK 64-Bit Server VM Temurin-21.0.10+7 (21.0.10+7-LTS, mixed mode, sharing, tiered, compressed oops, compressed class ptrs, g1 gc, windows-amd64)
GC Precious Log:
 CardTable entry size: 512
 Card Set container configuration: InlinePtr #cards 5 size 8 Array Of Cards #cards 12 size 40 Howl #buckets 4 coarsen threshold 1843 Howl Bitmap #cards 512 size 80 coarsen threshold 460 Card regions per heap region 1 cards per card region 2048
 CPUs: 12 total, 12 available
 Memory: 16085M
 Large Page Support: Disabled
 NUMA Support: Disabled
 Compressed Oops: Enabled (32-bit)
 Heap Region Size: 1M
 Heap Min Capacity: 8M
 Heap Initial Capacity: 252M
 Heap Max Capacity: 2G
 Pre-touch: Disabled
 Parallel Workers: 10
 Concurrent Workers: 3
 Concurrent Refinement Workers: 10
 Periodic GC: Disabled
Heap:
 garbage-first heap   total 365568K, used 264192K [0x0000000080000000, 0x0000000100000000)
  region size 1024K, 21 young (21504K), 10 survivors (10240K)
 Metaspace       used 161011K, committed 163648K, reserved 1245184K
  class space    used 21412K, committed 22720K, reserved 1048576K
GC Heap History (20 events):
Event: 284.608 GC heap before
{Heap before GC invocations=45 (full 0):
 garbage-first heap   total 235520K, used 210311K [0x0000000080000000, 0x0000000100000000)
  region size 1024K, 64 young (65536K), 8 survivors (8192K)
 Metaspace       used 148661K, committed 151296K, reserved 1179648K
  class space    used 20133K, committed 21376K, reserved 1048576K
}
Event: 284.613 GC heap after
{Heap after GC invocations=46 (full 0):
 garbage-first heap   total 282624K, used 156030K [0x0000000080000000, 0x0000000100000000)
  region size 1024K, 5 young (5120K), 5 survivors (5120K)
 Metaspace       used 148661K, committed 151296K, reserved 1179648K
  class space    used 20133K, committed 21376K, reserved 1048576K
}
Event: 285.653 GC heap before
{Heap before GC invocations=46 (full 0):
 garbage-first heap   total 282624K, used 247166K [0x0000000080000000, 0x0000000100000000)
  region size 1024K, 94 young (96256K), 5 survivors (5120K)
 Metaspace       used 158362K, committed 160896K, reserved 1245184K
  class space    used 21269K, committed 22528K, reserved 1048576K
}
Event: 285.657 GC heap after
{Heap after GC invocations=47 (full 0):
 garbage-first heap   total 282624K, used 165888K [0x0000000080000000, 0x0000000100000000)
  region size 1024K, 12 young (12288K), 12 survivors (12288K)
 Metaspace       used 158362K, committed 160896K, reserved 1245184K
  class space    used 21269K, committed 22528K, reserved 1048576K
}
Event: 285.862 GC heap before
{Heap before GC invocations=47 (full 0):
 garbage-first heap   total 282624K, used 250880K [0x0000000080000000, 0x0000000100000000)
  region size 1024K, 94 young (96256K), 12 survivors (12288K)
 Metaspace       used 158690K, committed 161280K, reserved 1245184K
  class space    used 21276K, committed 22528K, reserved 1048576K
}
Event: 285.875 GC heap after
{Heap after GC invocations=48 (full 0):
 garbage-first heap   total 292864K, used 195831K [0x0000000080000000, 0x0000000100000000)
  region size 1024K, 12 young (12288K), 12 survivors (12288K)
 Metaspace       used 158690K, committed 161280K, reserved 1245184K
  class space    used 21276K, committed 22528K, reserved 1048576K
}
Event: 286.485 GC heap before
{Heap before GC invocations=48 (full 0):
 garbage-first heap   total 292864K, used 256247K [0x0000000080000000, 0x0000000100000000)
  region size 1024K, 71 young (72704K), 12 survivors (12288K)
 Metaspace       used 159929K, committed 162560K, reserved 1245184K
  class space    used 21374K, committed 22656K, reserved 1048576K
}
Event: 286.494 GC heap after
{Heap after GC invocations=49 (full 0):
 garbage-first heap   total 292864K, used 216479K [0x0000000080000000, 0x0000000100000000)
  region size 1024K, 9 young (9216K), 9 survivors (9216K)
 Metaspace       used 159929K, committed 162560K, reserved 1245184K
  class space    used 21374K, committed 22656K, reserved 1048576K
}
Event: 286.643 GC heap before
{Heap before GC invocations=50 (full 0):
 garbage-first heap   total 327680K, used 239007K [0x0000000080000000, 0x0000000100000000)
  region size 1024K, 51 young (52224K), 9 survivors (9216K)
 Metaspace       used 159977K, committed 162624K, reserved 1245184K
  class space    used 21376K, committed 22656K, reserved 1048576K
}
Event: 286.651 GC heap after
{Heap after GC invocations=51 (full 0):
 garbage-first heap   total 327680K, used 210354K [0x0000000080000000, 0x0000000100000000)
  region size 1024K, 7 young (7168K), 7 survivors (7168K)
 Metaspace       used 159977K, committed 162624K, reserved 1245184K
  class space    used 21376K, committed 22656K, reserved 1048576K
}
Event: 287.260 GC heap before
{Heap before GC invocations=51 (full 0):
 garbage-first heap   total 327680K, used 277938K [0x0000000080000000, 0x0000000100000000)
  region size 1024K, 73 young (74752K), 7 survivors (7168K)
 Metaspace       used 160530K, committed 163200K, reserved 1245184K
  class space    used 21408K, committed 22720K, reserved 1048576K
}
Event: 287.269 GC heap after
{Heap after GC invocations=52 (full 0):
 garbage-first heap   total 327680K, used 211449K [0x0000000080000000, 0x0000000100000000)
  region size 1024K, 10 young (10240K), 10 survivors (10240K)
 Metaspace       used 160530K, committed 163200K, reserved 1245184K
  class space    used 21408K, committed 22720K, reserved 1048576K
}
Event: 287.384 GC heap before
{Heap before GC invocations=52 (full 0):
 garbage-first heap   total 327680K, used 278009K [0x0000000080000000, 0x0000000100000000)
  region size 1024K, 75 young (76800K), 10 survivors (10240K)
 Metaspace       used 160548K, committed 163200K, reserved 1245184K
  class space    used 21409K, committed 22720K, reserved 1048576K
}
Event: 287.393 GC heap after
{Heap after GC invocations=53 (full 0):
 garbage-first heap   total 327680K, used 239616K [0x0000000080000000, 0x0000000100000000)
  region size 1024K, 10 young (10240K), 10 survivors (10240K)
 Metaspace       used 160548K, committed 163200K, reserved 1245184K
  class space    used 21409K, committed 22720K, reserved 1048576K
}
Event: 288.805 GC heap before
{Heap before GC invocations=54 (full 0):
 garbage-first heap   total 365568K, used 267264K [0x0000000080000000, 0x0000000100000000)
  region size 1024K, 57 young (58368K), 10 survivors (10240K)
 Metaspace       used 160640K, committed 163264K, reserved 1245184K
  class space    used 21409K, committed 22720K, reserved 1048576K
}
Event: 288.813 GC heap after
{Heap after GC invocations=55 (full 0):
 garbage-first heap   total 365568K, used 237568K [0x0000000080000000, 0x0000000100000000)
  region size 1024K, 8 young (8192K), 8 survivors (8192K)
 Metaspace       used 160640K, committed 163264K, reserved 1245184K
  class space    used 21409K, committed 22720K, reserved 1048576K
}
Event: 289.206 GC heap before
{Heap before GC invocations=55 (full 0):
 garbage-first heap   total 365568K, used 308224K [0x0000000080000000, 0x0000000100000000)
  region size 1024K, 76 young (77824K), 8 survivors (8192K)
 Metaspace       used 160918K, committed 163584K, reserved 1245184K
  class space    used 21412K, committed 22720K, reserved 1048576K
}
Event: 289.215 GC heap after
{Heap after GC invocations=56 (full 0):
 garbage-first heap   total 365568K, used 241664K [0x0000000080000000, 0x0000000100000000)
  region size 1024K, 10 young (10240K), 10 survivors (10240K)
 Metaspace       used 160918K, committed 163584K, reserved 1245184K
  class space    used 21412K, committed 22720K, reserved 1048576K
}
Event: 289.348 GC heap before
{Heap before GC invocations=56 (full 0):
 garbage-first heap   total 365568K, used 300032K [0x0000000080000000, 0x0000000100000000)
  region size 1024K, 68 young (69632K), 10 survivors (10240K)
 Metaspace       used 160927K, committed 163584K, reserved 1245184K
  class space    used 21412K, committed 22720K, reserved 1048576K
}
Event: 289.357 GC heap after
{Heap after GC invocations=57 (full 0):
 garbage-first heap   total 365568K, used 268288K [0x0000000080000000, 0x0000000100000000)
  region size 1024K, 10 young (10240K), 10 survivors (10240K)
 Metaspace       used 160927K, committed 163584K, reserved 1245184K
  class space    used 21412K, committed 22720K, reserved 1048576K
}

