# JRE version: OpenJDK Runtime Environment Temurin-21.0.10+7 (21.0.10+7) (build 21.0.10+7-LTS)
# Java VM: OpenJDK 64-Bit Server VM Temurin-21.0.10+7 (21.0.10+7-LTS, mixed mode, sharing, tiered, compressed oops, compressed class ptrs, g1 gc, windows-amd64)
GC Precious Log:
 CardTable entry size: 512
 Card Set container configuration: InlinePtr #cards 5 size 8 Array Of Cards #cards 12 size 40 Howl #buckets 4 coarsen threshold 1843 Howl Bitmap #cards 512 size 80 coarsen threshold 460 Card regions per heap region 1 cards per card region 2048
 CPUs: 12 total, 12 available
 Memory: 16085M
 Large Page Support: Disabled
 NUMA Support: Disabled
 Compressed Oops: Enabled (32-bit)
 Heap Region Size: 1M
 Heap Min Capacity: 8M
 Heap Initial Capacity: 252M
 Heap Max Capacity: 2G
 Pre-touch: Disabled
 Parallel Workers: 10
 Concurrent Workers: 3
 Concurrent Refinement Workers: 10
 Periodic GC: Disabled
Heap:
 garbage-first heap   total 260096K, used 202811K [0x0000000080000000, 0x0000000100000000)
  region size 1024K, 47 young (48128K), 4 survivors (4096K)
 Metaspace       used 126180K, committed 128448K, reserved 1179648K
  class space    used 16660K, committed 17792K, reserved 1048576K
GC Heap History (20 events):
Event: 9.523 GC heap before
{Heap before GC invocations=23 (full 0):
 garbage-first heap   total 129024K, used 117346K [0x0000000080000000, 0x0000000100000000)
  region size 1024K, 44 young (45056K), 4 survivors (4096K)
 Metaspace       used 69203K, committed 71296K, reserved 1114112K
  class space    used 9904K, committed 10944K, reserved 1048576K
}
Event: 9.526 GC heap after
{Heap after GC invocations=24 (full 0):
 garbage-first heap   total 216064K, used 75775K [0x0000000080000000, 0x0000000100000000)
  region size 1024K, 5 young (5120K), 5 survivors (5120K)
 Metaspace       used 69203K, committed 71296K, reserved 1114112K
  class space    used 9904K, committed 10944K, reserved 1048576K
}
Event: 10.672 GC heap before
{Heap before GC invocations=24 (full 0):
 garbage-first heap   total 216064K, used 161791K [0x0000000080000000, 0x0000000100000000)
  region size 1024K, 89 young (91136K), 5 survivors (5120K)
 Metaspace       used 78235K, committed 80448K, reserved 1179648K
  class space    used 11018K, committed 12096K, reserved 1048576K
}
Event: 10.677 GC heap after
{Heap after GC invocations=25 (full 0):
 garbage-first heap   total 216064K, used 78840K [0x0000000080000000, 0x0000000100000000)
  region size 1024K, 9 young (9216K), 9 survivors (9216K)
 Metaspace       used 78235K, committed 80448K, reserved 1179648K
  class space    used 11018K, committed 12096K, reserved 1048576K
}
Event: 11.502 GC heap before
{Heap before GC invocations=25 (full 0):
 garbage-first heap   total 216064K, used 168952K [0x0000000080000000, 0x0000000100000000)
  region size 1024K, 97 young (99328K), 9 survivors (9216K)
 Metaspace       used 87082K, committed 89280K, reserved 1179648K
  class space    used 12567K, committed 13696K, reserved 1048576K
}
Event: 11.510 GC heap after
{Heap after GC invocations=26 (full 0):
 garbage-first heap   total 216064K, used 94902K [0x0000000080000000, 0x0000000100000000)
  region size 1024K, 13 young (13312K), 13 survivors (13312K)
 Metaspace       used 87082K, committed 89280K, reserved 1179648K
  class space    used 12567K, committed 13696K, reserved 1048576K
}
Event: 12.048 GC heap before
{Heap before GC invocations=27 (full 0):
 garbage-first heap   total 216064K, used 171702K [0x0000000080000000, 0x0000000100000000)
  region size 1024K, 88 young (90112K), 13 survivors (13312K)
 Metaspace       used 89641K, committed 91840K, reserved 1179648K
  class space    used 12849K, committed 13952K, reserved 1048576K
}
Event: 12.058 GC heap after
{Heap after GC invocations=28 (full 0):
 garbage-first heap   total 216064K, used 120649K [0x0000000080000000, 0x0000000100000000)
  region size 1024K, 11 young (11264K), 11 survivors (11264K)
 Metaspace       used 89641K, committed 91840K, reserved 1179648K
  class space    used 12849K, committed 13952K, reserved 1048576K
}
Event: 12.648 GC heap before
{Heap before GC invocations=28 (full 0):
 garbage-first heap   total 216064K, used 176969K [0x0000000080000000, 0x0000000100000000)
  region size 1024K, 67 young (68608K), 11 survivors (11264K)
 Metaspace       used 95756K, committed 97920K, reserved 1179648K
  class space    used 13512K, committed 14592K, reserved 1048576K
}
Event: 12.653 GC heap after
{Heap after GC invocations=29 (full 0):
 garbage-first heap   total 216064K, used 128000K [0x0000000080000000, 0x0000000100000000)
  region size 1024K, 6 young (6144K), 6 survivors (6144K)
 Metaspace       used 95756K, committed 97920K, reserved 1179648K
  class space    used 13512K, committed 14592K, reserved 1048576K
}
Event: 13.209 GC heap before
{Heap before GC invocations=29 (full 0):
 garbage-first heap   total 216064K, used 182272K [0x0000000080000000, 0x0000000100000000)
  region size 1024K, 60 young (61440K), 6 survivors (6144K)
 Metaspace       used 102800K, committed 104960K, reserved 1179648K
  class space    used 14158K, committed 15232K, reserved 1048576K
}
Event: 13.212 GC heap after
{Heap after GC invocations=30 (full 0):
 garbage-first heap   total 216064K, used 130595K [0x0000000080000000, 0x0000000100000000)
  region size 1024K, 3 young (3072K), 3 survivors (3072K)
 Metaspace       used 102800K, committed 104960K, reserved 1179648K
  class space    used 14158K, committed 15232K, reserved 1048576K
}
Event: 13.780 GC heap before
{Heap before GC invocations=31 (full 0):
 garbage-first heap   total 220160K, used 185891K [0x0000000080000000, 0x0000000100000000)
  region size 1024K, 58 young (59392K), 3 survivors (3072K)
 Metaspace       used 107518K, committed 109696K, reserved 1179648K
  class space    used 14660K, committed 15744K, reserved 1048576K
}
Event: 13.784 GC heap after
{Heap after GC invocations=32 (full 0):
 garbage-first heap   total 220160K, used 136788K [0x0000000080000000, 0x0000000100000000)
  region size 1024K, 8 young (8192K), 8 survivors (8192K)
 Metaspace       used 107518K, committed 109696K, reserved 1179648K
  class space    used 14660K, committed 15744K, reserved 1048576K
}
Event: 14.377 GC heap before
{Heap before GC invocations=32 (full 0):
 garbage-first heap   total 220160K, used 195156K [0x0000000080000000, 0x0000000100000000)
  region size 1024K, 64 young (65536K), 8 survivors (8192K)
 Metaspace       used 112731K, committed 114880K, reserved 1179648K
  class space    used 15320K, committed 16384K, reserved 1048576K
}
Event: 14.383 GC heap after
{Heap after GC invocations=33 (full 0):
 garbage-first heap   total 220160K, used 144747K [0x0000000080000000, 0x0000000100000000)
  region size 1024K, 8 young (8192K), 8 survivors (8192K)
 Metaspace       used 112731K, committed 114880K, reserved 1179648K
  class space    used 15320K, committed 16384K, reserved 1048576K
}
Event: 15.021 GC heap before
{Heap before GC invocations=33 (full 0):
 garbage-first heap   total 220160K, used 194923K [0x0000000080000000, 0x0000000100000000)
  region size 1024K, 58 young (59392K), 8 survivors (8192K)
 Metaspace       used 116009K, committed 118272K, reserved 1179648K
  class space    used 15660K, committed 16768K, reserved 1048576K
}
Event: 15.026 GC heap after
{Heap after GC invocations=34 (full 0):
 garbage-first heap   total 220160K, used 154923K [0x0000000080000000, 0x0000000100000000)
  region size 1024K, 8 young (8192K), 8 survivors (8192K)
 Metaspace       used 116009K, committed 118272K, reserved 1179648K
  class space    used 15660K, committed 16768K, reserved 1048576K
}
Event: 15.597 GC heap before
{Heap before GC invocations=35 (full 0):
 garbage-first heap   total 260096K, used 197931K [0x0000000080000000, 0x0000000100000000)
  region size 1024K, 51 young (52224K), 8 survivors (8192K)
 Metaspace       used 121461K, committed 123648K, reserved 1179648K
  class space    used 16192K, committed 17280K, reserved 1048576K
}
Event: 15.601 GC heap after
{Heap after GC invocations=36 (full 0):
 garbage-first heap   total 260096K, used 159803K [0x0000000080000000, 0x0000000100000000)
  region size 1024K, 4 young (4096K), 4 survivors (4096K)
 Metaspace       used 121461K, committed 123648K, reserved 1179648K
  class space    used 16192K, committed 17280K, reserved 1048576K
}

